<?xml version="1.0" encoding="UTF-8"?>
<!-- Generated by org.testng.reporters.JUnitReportReporter -->
<testsuite skipped="0" hostname="LAPTOP-MM90OABE" name="TestClass" tests="1" failures="0" timestamp="2022-06-07T20:32:09 IST" time="0.158" errors="0">
  <testcase name="Test1" time="0.158" classname="TestClass"/>
  <system-out/>
</testsuite> <!-- TestClass -->
